#
# There is insufficient memory for the Java Runtime Environment to continue.
# Cannot create worker GC thread. Out of system resources.
# Possible reasons:
#   The system is out of physical RAM or swap space
#   The process is running with CompressedOops enabled, and the Java Heap may be blocking the growth of the native heap
# Possible solutions:
#   Reduce memory load on the system
#   Increase physical memory or swap space
#   Check if swap backing store is full
#   Decrease Java heap size (-Xmx/-Xms)
#   Decrease number of Java threads
#   Decrease Java thread stack sizes (-Xss)
#   Set larger code cache with -XX:ReservedCodeCacheSize=
#   JVM is running with Unscaled Compressed Oops mode in which the Java heap is
#     placed in the first 4GB address space. The Java Heap base address is the
#     maximum limit for the native heap growth. Please use -XX:HeapBaseMinAddress
#     to set the Java Heap base and to place the Java Heap above 4GB virtual address.
# This output file may be truncated or incomplete.
#
#  Out of Memory Error (workerManager.hpp:87), pid=45142, tid=45142
#
# JRE version:  (17.0.10+7) (build )
# Java VM: OpenJDK 64-Bit Server VM (17.0.10+7, mixed mode, sharing, tiered, compressed oops, compressed class ptrs, g1 gc, linux-amd64)
# Core dump will be written. Default location: Core dumps may be processed with "/usr/share/apport/apport %p %s %c %d %P %E" (or dumping to /home/raph/Documents/code/java/chat/core.45142)
#

---------------  S U M M A R Y ------------

Command Line: -Dapplication.home=/home/raph/.vscode/extensions/redhat.java-1.30.0-linux-x64/jre/17.0.10-linux-x86_64 -Xms8m -Djdk.module.main=jdk.jcmd jdk.jcmd/sun.tools.jcmd.JCmd 20769 VM.uptime

Host: Intel(R) Core(TM) i5 CPU       M 520  @ 2.40GHz, 4 cores, 5G, Ubuntu 20.04.3 LTS
Time: Sun May  5 17:13:47 2024 CAT elapsed time: 0.081337 seconds (0d 0h 0m 0s)

---------------  T H R E A D  ---------------

Current thread (0x000056286c02bce0):  JavaThread "Unknown thread" [_thread_in_vm, id=45142, stack(0x00007ffef2ba9000,0x00007ffef33a7000)]

Stack: [0x00007ffef2ba9000,0x00007ffef33a7000],  sp=0x00007ffef33a2180,  free space=8164k
Native frames: (J=compiled Java code, j=interpreted, Vv=VM code, C=native code)
V  [libjvm.so+0xee0831]  VMError::report_and_die(int, char const*, char const*, __va_list_tag*, Thread*, unsigned char*, void*, void*, char const*, int, unsigned long)+0x1a1
V  [libjvm.so+0xee141d]  VMError::report_and_die(Thread*, char const*, int, unsigned long, VMErrorType, char const*, __va_list_tag*)+0x2d
V  [libjvm.so+0x60a3ac]  report_vm_out_of_memory(char const*, int, unsigned long, VMErrorType, char const*, ...)+0xdc
V  [libjvm.so+0xf1475f]  WorkerManager::add_workers(WorkGang*, unsigned int, unsigned int, unsigned int, os::ThreadType, bool)+0x18f
V  [libjvm.so+0xf148fa]  WorkGang::initialize_workers()+0x4a
V  [libjvm.so+0x6f1ec1]  G1CollectedHeap::initialize()+0x6c1
V  [libjvm.so+0xe8e872]  universe_init()+0xd2
V  [libjvm.so+0x7ff8b7]  init_globals()+0x37
V  [libjvm.so+0xe6505d]  Threads::create_vm(JavaVMInitArgs*, bool*)+0x36d
V  [libjvm.so+0x8bfb52]  JNI_CreateJavaVM+0x52
C  [libjli.so+0x9c6f]  JavaMain+0x8f
C  [libjli.so+0xeb80]  CallJavaMainInNewThread+0xb0
C  [libjli.so+0xbc5d]  ContinueInNewThread+0x5d
C  [libjli.so+0xd2d4]  JLI_Launch+0x1484
C  [jcmd+0x1216]  main+0x136


---------------  P R O C E S S  ---------------

Threads class SMR info:
_java_thread_list=0x00007f642d15ffc0, length=0, elements={
}

Java Threads: ( => current thread )

Other Threads:

[error occurred during error reporting (printing all threads), id 0xb, SIGSEGV (0xb) at pc=0x00007f642c521820]

VM state: not at safepoint (not fully initialized)

VM Mutex/Monitor currently owned by a thread:  ([mutex/lock_event])
[0x000056286c028fe0] Heap_lock - owner thread: 0x000056286c02bce0

Heap address: 0x00000000a6800000, size: 1432 MB, Compressed Oops mode: 32-bit

CDS archive(s) mapped at: [0x0000000000000000-0x0000000000000000-0x0000000000000000), size 0, SharedBaseAddress: 0x0000000800000000, ArchiveRelocationMode: 1.
Narrow klass base: 0x0000000000000000, Narrow klass shift: 0, Narrow klass range: 0x0

GC Precious Log:
<Empty>

Heap:
 garbage-first heap   total 0K, used 0K [0x00000000a6800000, 0x0000000100000000)
  region size 1024K, 0 young (0K), 0 survivors (0K)

[error occurred during error reporting (printing heap information), id 0xb, SIGSEGV (0xb) at pc=0x00007f642caeb11a]

GC Heap History (0 events):
No events

Dll operation events (1 events):
Event: 0.038 Loaded shared library /home/raph/.vscode/extensions/redhat.java-1.30.0-linux-x64/jre/17.0.10-linux-x86_64/lib/libjava.so

Deoptimization events (0 events):
No events

Classes unloaded (0 events):
No events

Classes redefined (0 events):
No events

Internal exceptions (0 events):
No events

VM Operations (0 events):
No events

Events (1 events):
Event: 0.027 Protecting memory [0x00007ffef2ba9000,0x00007ffef2bad000] with protection modes 0


Dynamic libraries:
a6800000-100000000 ---p 00000000 00:00 0 
56286acbd000-56286acbe000 r--p 00000000 08:05 19925539                   /home/raph/.vscode/extensions/redhat.java-1.30.0-linux-x64/jre/17.0.10-linux-x86_64/bin/jcmd
56286acbe000-56286acbf000 r-xp 00001000 08:05 19925539                   /home/raph/.vscode/extensions/redhat.java-1.30.0-linux-x64/jre/17.0.10-linux-x86_64/bin/jcmd
56286acbf000-56286acc0000 r--p 00002000 08:05 19925539                   /home/raph/.vscode/extensions/redhat.java-1.30.0-linux-x64/jre/17.0.10-linux-x86_64/bin/jcmd
56286acc0000-56286acc1000 r--p 00002000 08:05 19925539                   /home/raph/.vscode/extensions/redhat.java-1.30.0-linux-x64/jre/17.0.10-linux-x86_64/bin/jcmd
56286acc1000-56286acc2000 rw-p 00003000 08:05 19925539                   /home/raph/.vscode/extensions/redhat.java-1.30.0-linux-x64/jre/17.0.10-linux-x86_64/bin/jcmd
56286bfe0000-56286c094000 rw-p 00000000 00:00 0                          [heap]
7f641601b000-7f6416432000 rw-p 00000000 00:00 0 
7f6416432000-7f6419956000 ---p 00000000 00:00 0 
7f6419956000-7f6419d5f000 rw-p 00000000 00:00 0 
7f6419d5f000-7f6419e45000 ---p 00000000 00:00 0 
7f6419e45000-7f6419e4a000 rw-p 00000000 00:00 0 
7f6419e4a000-7f6419f30000 ---p 00000000 00:00 0 
7f6419f30000-7f641a1a0000 rwxp 00000000 00:00 0 
7f641a1a0000-7f6421467000 ---p 00000000 00:00 0 
7f6421467000-7f64216d7000 rwxp 00000000 00:00 0 
7f64216d7000-7f64219f8000 ---p 00000000 00:00 0 
7f64219f8000-7f6421c68000 rwxp 00000000 00:00 0 
7f6421c68000-7f6428f30000 ---p 00000000 00:00 0 
7f6428f30000-7f6428f3e000 r--p 00000000 08:05 22809286                   /home/raph/.vscode/extensions/redhat.java-1.30.0-linux-x64/jre/17.0.10-linux-x86_64/lib/libjava.so
7f6428f3e000-7f6428f50000 r-xp 0000e000 08:05 22809286                   /home/raph/.vscode/extensions/redhat.java-1.30.0-linux-x64/jre/17.0.10-linux-x86_64/lib/libjava.so
7f6428f50000-7f6428f56000 r--p 00020000 08:05 22809286                   /home/raph/.vscode/extensions/redhat.java-1.30.0-linux-x64/jre/17.0.10-linux-x86_64/lib/libjava.so
7f6428f56000-7f6428f57000 ---p 00026000 08:05 22809286                   /home/raph/.vscode/extensions/redhat.java-1.30.0-linux-x64/jre/17.0.10-linux-x86_64/lib/libjava.so
7f6428f57000-7f6428f58000 r--p 00026000 08:05 22809286                   /home/raph/.vscode/extensions/redhat.java-1.30.0-linux-x64/jre/17.0.10-linux-x86_64/lib/libjava.so
7f6428f58000-7f6428f59000 rw-p 00027000 08:05 22809286                   /home/raph/.vscode/extensions/redhat.java-1.30.0-linux-x64/jre/17.0.10-linux-x86_64/lib/libjava.so
7f6428f59000-7f6428f5a000 rw-p 00000000 00:00 0 
7f6428f5a000-7f6428f5d000 r--p 00000000 08:05 17571196                   /usr/lib/x86_64-linux-gnu/libnss_files-2.31.so
7f6428f5d000-7f6428f64000 r-xp 00003000 08:05 17571196                   /usr/lib/x86_64-linux-gnu/libnss_files-2.31.so
7f6428f64000-7f6428f66000 r--p 0000a000 08:05 17571196                   /usr/lib/x86_64-linux-gnu/libnss_files-2.31.so
7f6428f66000-7f6428f67000 r--p 0000b000 08:05 17571196                   /usr/lib/x86_64-linux-gnu/libnss_files-2.31.so
7f6428f67000-7f6428f68000 rw-p 0000c000 08:05 17571196                   /usr/lib/x86_64-linux-gnu/libnss_files-2.31.so
7f6428f68000-7f6428f6e000 rw-p 00000000 00:00 0 
7f6428f75000-7f6428f7a000 rw-p 00000000 00:00 0 
7f6428f7a000-7f6428f81000 ---p 00000000 00:00 0 
7f6428f81000-7f642bba8000 r--s 00000000 08:05 22809308                   /home/raph/.vscode/extensions/redhat.java-1.30.0-linux-x64/jre/17.0.10-linux-x86_64/lib/modules
7f642bba8000-7f642bbac000 r--p 00000000 08:05 22809290                   /home/raph/.vscode/extensions/redhat.java-1.30.0-linux-x64/jre/17.0.10-linux-x86_64/lib/libjimage.so
7f642bbac000-7f642bbbf000 r-xp 00004000 08:05 22809290                   /home/raph/.vscode/extensions/redhat.java-1.30.0-linux-x64/jre/17.0.10-linux-x86_64/lib/libjimage.so
7f642bbbf000-7f642bbc5000 r--p 00017000 08:05 22809290                   /home/raph/.vscode/extensions/redhat.java-1.30.0-linux-x64/jre/17.0.10-linux-x86_64/lib/libjimage.so
7f642bbc5000-7f642bbc7000 r--p 0001c000 08:05 22809290                   /home/raph/.vscode/extensions/redhat.java-1.30.0-linux-x64/jre/17.0.10-linux-x86_64/lib/libjimage.so
7f642bbc7000-7f642bbc8000 rw-p 0001e000 08:05 22809290                   /home/raph/.vscode/extensions/redhat.java-1.30.0-linux-x64/jre/17.0.10-linux-x86_64/lib/libjimage.so
7f642bbc8000-7f642bbc9000 ---p 00000000 00:00 0 
7f642bbc9000-7f642bcc9000 rw-p 00000000 00:00 0 
7f642bcc9000-7f642bcd8000 r--p 00000000 08:05 17571070                   /usr/lib/x86_64-linux-gnu/libm-2.31.so
7f642bcd8000-7f642bd7f000 r-xp 0000f000 08:05 17571070                   /usr/lib/x86_64-linux-gnu/libm-2.31.so
7f642bd7f000-7f642be16000 r--p 000b6000 08:05 17571070                   /usr/lib/x86_64-linux-gnu/libm-2.31.so
7f642be16000-7f642be17000 r--p 0014c000 08:05 17571070                   /usr/lib/x86_64-linux-gnu/libm-2.31.so
7f642be17000-7f642be18000 rw-p 0014d000 08:05 17571070                   /usr/lib/x86_64-linux-gnu/libm-2.31.so
7f642be18000-7f642be1b000 r--p 00000000 08:05 17571403                   /usr/lib/x86_64-linux-gnu/librt-2.31.so
7f642be1b000-7f642be1f000 r-xp 00003000 08:05 17571403                   /usr/lib/x86_64-linux-gnu/librt-2.31.so
7f642be1f000-7f642be20000 r--p 00007000 08:05 17571403                   /usr/lib/x86_64-linux-gnu/librt-2.31.so
7f642be20000-7f642be21000 ---p 00008000 08:05 17571403                   /usr/lib/x86_64-linux-gnu/librt-2.31.so
7f642be21000-7f642be22000 r--p 00008000 08:05 17571403                   /usr/lib/x86_64-linux-gnu/librt-2.31.so
7f642be22000-7f642be23000 rw-p 00009000 08:05 17571403                   /usr/lib/x86_64-linux-gnu/librt-2.31.so
7f642be23000-7f642c076000 r--p 00000000 08:05 22809318                   /home/raph/.vscode/extensions/redhat.java-1.30.0-linux-x64/jre/17.0.10-linux-x86_64/lib/server/libjvm.so
7f642c076000-7f642cd95000 r-xp 00253000 08:05 22809318                   /home/raph/.vscode/extensions/redhat.java-1.30.0-linux-x64/jre/17.0.10-linux-x86_64/lib/server/libjvm.so
7f642cd95000-7f642d021000 r--p 00f72000 08:05 22809318                   /home/raph/.vscode/extensions/redhat.java-1.30.0-linux-x64/jre/17.0.10-linux-x86_64/lib/server/libjvm.so
7f642d021000-7f642d022000 ---p 011fe000 08:05 22809318                   /home/raph/.vscode/extensions/redhat.java-1.30.0-linux-x64/jre/17.0.10-linux-x86_64/lib/server/libjvm.so
7f642d022000-7f642d0db000 r--p 011fe000 08:05 22809318                   /home/raph/.vscode/extensions/redhat.java-1.30.0-linux-x64/jre/17.0.10-linux-x86_64/lib/server/libjvm.so
7f642d0db000-7f642d110000 rw-p 012b7000 08:05 22809318                   /home/raph/.vscode/extensions/redhat.java-1.30.0-linux-x64/jre/17.0.10-linux-x86_64/lib/server/libjvm.so
7f642d110000-7f642d16c000 rw-p 00000000 00:00 0 
7f642d16c000-7f642d191000 r--p 00000000 08:05 17570416                   /usr/lib/x86_64-linux-gnu/libc-2.31.so
7f642d191000-7f642d309000 r-xp 00025000 08:05 17570416                   /usr/lib/x86_64-linux-gnu/libc-2.31.so
7f642d309000-7f642d353000 r--p 0019d000 08:05 17570416                   /usr/lib/x86_64-linux-gnu/libc-2.31.so
7f642d353000-7f642d354000 ---p 001e7000 08:05 17570416                   /usr/lib/x86_64-linux-gnu/libc-2.31.so
7f642d354000-7f642d357000 r--p 001e7000 08:05 17570416                   /usr/lib/x86_64-linux-gnu/libc-2.31.so
7f642d357000-7f642d35a000 rw-p 001ea000 08:05 17570416                   /usr/lib/x86_64-linux-gnu/libc-2.31.so
7f642d35a000-7f642d35e000 rw-p 00000000 00:00 0 
7f642d35e000-7f642d35f000 r--p 00000000 08:05 17570557                   /usr/lib/x86_64-linux-gnu/libdl-2.31.so
7f642d35f000-7f642d361000 r-xp 00001000 08:05 17570557                   /usr/lib/x86_64-linux-gnu/libdl-2.31.so
7f642d361000-7f642d362000 r--p 00003000 08:05 17570557                   /usr/lib/x86_64-linux-gnu/libdl-2.31.so
7f642d362000-7f642d363000 r--p 00003000 08:05 17570557                   /usr/lib/x86_64-linux-gnu/libdl-2.31.so
7f642d363000-7f642d364000 rw-p 00004000 08:05 17570557                   /usr/lib/x86_64-linux-gnu/libdl-2.31.so
7f642d364000-7f642d36b000 r--p 00000000 08:05 17571340                   /usr/lib/x86_64-linux-gnu/libpthread-2.31.so
7f642d36b000-7f642d37c000 r-xp 00007000 08:05 17571340                   /usr/lib/x86_64-linux-gnu/libpthread-2.31.so
7f642d37c000-7f642d381000 r--p 00018000 08:05 17571340                   /usr/lib/x86_64-linux-gnu/libpthread-2.31.so
7f642d381000-7f642d382000 r--p 0001c000 08:05 17571340                   /usr/lib/x86_64-linux-gnu/libpthread-2.31.so
7f642d382000-7f642d383000 rw-p 0001d000 08:05 17571340                   /usr/lib/x86_64-linux-gnu/libpthread-2.31.so
7f642d383000-7f642d387000 rw-p 00000000 00:00 0 
7f642d390000-7f642d398000 rw-s 00000000 08:05 1967095                    /tmp/hsperfdata_raph/45142
7f642d398000-7f642d399000 ---p 00000000 00:00 0 
7f642d399000-7f642d39a000 r--p 00000000 00:00 0 
7f642d39a000-7f642d39d000 r--p 00000000 08:05 22809291                   /home/raph/.vscode/extensions/redhat.java-1.30.0-linux-x64/jre/17.0.10-linux-x86_64/lib/libjli.so
7f642d39d000-7f642d3ad000 r-xp 00003000 08:05 22809291                   /home/raph/.vscode/extensions/redhat.java-1.30.0-linux-x64/jre/17.0.10-linux-x86_64/lib/libjli.so
7f642d3ad000-7f642d3b4000 r--p 00013000 08:05 22809291                   /home/raph/.vscode/extensions/redhat.java-1.30.0-linux-x64/jre/17.0.10-linux-x86_64/lib/libjli.so
7f642d3b4000-7f642d3b5000 r--p 00019000 08:05 22809291                   /home/raph/.vscode/extensions/redhat.java-1.30.0-linux-x64/jre/17.0.10-linux-x86_64/lib/libjli.so
7f642d3b5000-7f642d3b6000 rw-p 0001a000 08:05 22809291                   /home/raph/.vscode/extensions/redhat.java-1.30.0-linux-x64/jre/17.0.10-linux-x86_64/lib/libjli.so
7f642d3b6000-7f642d3b8000 rw-p 00000000 00:00 0 
7f642d3b8000-7f642d3b9000 r--p 00000000 08:05 17570198                   /usr/lib/x86_64-linux-gnu/ld-2.31.so
7f642d3b9000-7f642d3dc000 r-xp 00001000 08:05 17570198                   /usr/lib/x86_64-linux-gnu/ld-2.31.so
7f642d3dc000-7f642d3e4000 r--p 00024000 08:05 17570198                   /usr/lib/x86_64-linux-gnu/ld-2.31.so
7f642d3e4000-7f642d3e5000 ---p 00000000 00:00 0 
7f642d3e5000-7f642d3e6000 r--p 0002c000 08:05 17570198                   /usr/lib/x86_64-linux-gnu/ld-2.31.so
7f642d3e6000-7f642d3e7000 rw-p 0002d000 08:05 17570198                   /usr/lib/x86_64-linux-gnu/ld-2.31.so
7f642d3e7000-7f642d3e8000 rw-p 00000000 00:00 0 
7ffef2ba9000-7ffef2bad000 ---p 00000000 00:00 0 
7ffef3387000-7ffef33a9000 rw-p 00000000 00:00 0                          [stack]
7ffef33cd000-7ffef33d1000 r--p 00000000 00:00 0                          [vvar]
7ffef33d1000-7ffef33d3000 r-xp 00000000 00:00 0                          [vdso]
ffffffffff600000-ffffffffff601000 --xp 00000000 00:00 0                  [vsyscall]


VM Arguments:
jvm_args: -Dapplication.home=/home/raph/.vscode/extensions/redhat.java-1.30.0-linux-x64/jre/17.0.10-linux-x86_64 -Xms8m -Djdk.module.main=jdk.jcmd 
java_command: jdk.jcmd/sun.tools.jcmd.JCmd 20769 VM.uptime
java_class_path (initial): <not set>
Launcher Type: SUN_STANDARD

[Global flags]
     intx CICompilerCount                          = 3                                         {product} {ergonomic}
     uint ConcGCThreads                            = 1                                         {product} {ergonomic}
     uint G1ConcRefinementThreads                  = 4                                         {product} {ergonomic}
   size_t G1HeapRegionSize                         = 1048576                                   {product} {ergonomic}
    uintx GCDrainStackTargetSize                   = 64                                        {product} {ergonomic}
   size_t InitialHeapSize                          = 8388608                                   {product} {command line}
   size_t MarkStackSize                            = 4194304                                   {product} {ergonomic}
   size_t MaxHeapSize                              = 1501560832                                {product} {ergonomic}
   size_t MinHeapDeltaBytes                        = 1048576                                   {product} {ergonomic}
   size_t MinHeapSize                              = 8388608                                   {product} {command line}
    uintx NonNMethodCodeHeapSize                   = 5832780                                {pd product} {ergonomic}
    uintx NonProfiledCodeHeapSize                  = 122912730                              {pd product} {ergonomic}
    uintx ProfiledCodeHeapSize                     = 122912730                              {pd product} {ergonomic}
    uintx ReservedCodeCacheSize                    = 251658240                              {pd product} {ergonomic}
     bool SegmentedCodeCache                       = true                                      {product} {ergonomic}
   size_t SoftMaxHeapSize                          = 1501560832                             {manageable} {ergonomic}
     bool UseCompressedClassPointers               = true                           {product lp64_product} {ergonomic}
     bool UseCompressedOops                        = true                           {product lp64_product} {ergonomic}
     bool UseG1GC                                  = true                                      {product} {ergonomic}

Logging:
Log output configuration:
 #0: stdout all=warning uptime,level,tags
 #1: stderr all=off uptime,level,tags

Environment Variables:
JAVA_HOME=/opt/jdk-21.0.3+9
PATH=/usr/local/sbin:/usr/local/bin:/usr/sbin:/usr/bin:/sbin:/bin:/usr/games:/usr/local/games:/snap/bin:/opt/jdk-21.0.3+9/bin
USERNAME=raph
SHELL=/bin/bash
DISPLAY=:0
LANG=fr_FR.UTF-8
LC_NUMERIC=ln_CD
LC_TIME=ln_CD
TERM=xterm-256color

Active Locale:
LC_ALL=C
LC_COLLATE=C
LC_CTYPE=C
LC_MESSAGES=C
LC_MONETARY=C
LC_NUMERIC=C
LC_TIME=C

Signal Handlers:
   SIGSEGV: crash_handler in libjvm.so, mask=11100100010111111101111111111110, flags=SA_RESTART|SA_SIGINFO, unblocked
    SIGBUS: crash_handler in libjvm.so, mask=11100100010111111101111111111110, flags=SA_RESTART|SA_SIGINFO, unblocked
    SIGFPE: crash_handler in libjvm.so, mask=11100100010111111101111111111110, flags=SA_RESTART|SA_SIGINFO, unblocked
   SIGPIPE: javaSignalHandler in libjvm.so, mask=11100100010111111101111111111110, flags=SA_RESTART|SA_SIGINFO, blocked
   SIGXFSZ: javaSignalHandler in libjvm.so, mask=11100100010111111101111111111110, flags=SA_RESTART|SA_SIGINFO, blocked
    SIGILL: crash_handler in libjvm.so, mask=11100100010111111101111111111110, flags=SA_RESTART|SA_SIGINFO, unblocked
   SIGUSR2: SR_handler in libjvm.so, mask=00000000000000000000000000000000, flags=SA_RESTART|SA_SIGINFO, blocked
    SIGHUP: SIG_DFL, mask=00000000000000000000000000000000, flags=none, blocked
    SIGINT: SIG_DFL, mask=00000000000000000000000000000000, flags=none, blocked
   SIGTERM: SIG_DFL, mask=00000000000000000000000000000000, flags=none, blocked
   SIGQUIT: UserHandler in libjvm.so, mask=11100100010111111101111111111110, flags=SA_RESTART|SA_SIGINFO, blocked
   SIGTRAP: crash_handler in libjvm.so, mask=11100100010111111101111111111110, flags=SA_RESTART|SA_SIGINFO, unblocked


Periodic native trim disabled


---------------  S Y S T E M  ---------------

OS:
DISTRIB_ID=Ubuntu
DISTRIB_RELEASE=20.04
DISTRIB_CODENAME=focal
DISTRIB_DESCRIPTION="Ubuntu 20.04.3 LTS"
uname: Linux 5.11.0-27-generic #29~20.04.1-Ubuntu SMP Wed Aug 11 15:58:17 UTC 2021 x86_64
OS uptime: 0 days 3:32 hours
libc: glibc 2.31 NPTL 2.31 
rlimit (soft/hard): STACK 8192k/infinity , CORE 0k/infinity , NPROC 22655/22655 , NOFILE 1048576/1048576 , AS infinity/infinity , CPU infinity/infinity , DATA infinity/infinity , FSIZE infinity/infinity , MEMLOCK 65536k/65536k
load average: 1.64 1.08 0.99

/proc/meminfo:
MemTotal:        5859168 kB
MemFree:          112204 kB
MemAvailable:    1365256 kB
Buffers:           93424 kB
Cached:          1749160 kB
SwapCached:            0 kB
Active:          1096452 kB
Inactive:        4000544 kB
Active(anon):      52236 kB
Inactive(anon):  3618936 kB
Active(file):    1044216 kB
Inactive(file):   381608 kB
Unevictable:       24372 kB
Mlocked:              32 kB
SwapTotal:       2097148 kB
SwapFree:        2095600 kB
Dirty:               352 kB
Writeback:             0 kB
AnonPages:       3278828 kB
Mapped:           906216 kB
Shmem:            416920 kB
KReclaimable:      80044 kB
Slab:             266460 kB
SReclaimable:      80044 kB
SUnreclaim:       186416 kB
KernelStack:      242656 kB
PageTables:        63004 kB
NFS_Unstable:          0 kB
Bounce:                0 kB
WritebackTmp:          0 kB
CommitLimit:     5026732 kB
Committed_AS:   24137700 kB
VmallocTotal:   34359738367 kB
VmallocUsed:      262848 kB
VmallocChunk:          0 kB
Percpu:             6016 kB
HardwareCorrupted:     0 kB
AnonHugePages:         0 kB
ShmemHugePages:        0 kB
ShmemPmdMapped:        0 kB
FileHugePages:         0 kB
FilePmdMapped:         0 kB
HugePages_Total:       0
HugePages_Free:        0
HugePages_Rsvd:        0
HugePages_Surp:        0
Hugepagesize:       2048 kB
Hugetlb:               0 kB
DirectMap4k:      218528 kB
DirectMap2M:     5847040 kB

/sys/kernel/mm/transparent_hugepage/enabled: always [madvise] never
/sys/kernel/mm/transparent_hugepage/defrag (defrag/compaction efforts parameter): always defer defer+madvise [madvise] never

Process Memory:
Virtual Size: 1847944K (peak: 1847944K)
Resident Set Size: 18592K (peak: 18592K) (anon: 5924K, file: 12668K, shmem: 0K)
Swapped out: 0K
C-Heap outstanding allocations: 8764K, retained: 63K
glibc malloc tunables: (default)

/proc/sys/kernel/threads-max (system-wide limit on the number of threads): 45311
/proc/sys/vm/max_map_count (maximum number of memory map areas a process may have): 65530
/proc/sys/kernel/pid_max (system-wide limit on number of process identifiers): 4194304

container (cgroup) information:
container_type: cgroupv1
cpu_cpuset_cpus: 0-3
cpu_memory_nodes: 0
active_processor_count: 4
cpu_quota: no quota
cpu_period: 100000
cpu_shares: no shares
memory_limit_in_bytes: unlimited
memory_and_swap_limit_in_bytes: unlimited
memory_soft_limit_in_bytes: unlimited
memory_usage_in_bytes: 4899716 k
memory_max_usage_in_bytes: 4900940 k
kernel_memory_usage_in_bytes: 435636 k
kernel_memory_max_usage_in_bytes: unlimited
kernel_memory_limit_in_bytes: 436096 k
maximum number of tasks: unlimited
current number of tasks: 14928

Steal ticks since vm start: 0
Steal ticks percentage since vm start:  0.000

CPU: total 4 (initial active 4) (2 cores per cpu, 2 threads per core) family 6 model 37 stepping 5 microcode 0x7, cx8, cmov, fxsr, ht, mmx, sse, sse2, sse3, ssse3, sse4.1, sse4.2, popcnt, tsc, tscinvbit, aes, clmul, clflush
CPU Model and flags from /proc/cpuinfo:
model name	: Intel(R) Core(TM) i5 CPU       M 520  @ 2.40GHz
flags		: fpu vme de pse tsc msr pae mce cx8 apic sep mtrr pge mca cmov pat pse36 clflush dts acpi mmx fxsr sse sse2 ht tm pbe syscall nx rdtscp lm constant_tsc arch_perfmon pebs bts rep_good nopl xtopology nonstop_tsc cpuid aperfmperf pni pclmulqdq dtes64 monitor ds_cpl vmx smx est tm2 ssse3 cx16 xtpr pdcm pcid sse4_1 sse4_2 popcnt aes lahf_lm pti ssbd ibrs ibpb stibp tpr_shadow vnmi flexpriority ept vpid dtherm ida arat flush_l1d

Online cpus: 0-3
Offline cpus: 4-7
BIOS frequency limitation: 2400000
Frequency switch latency (ns): 10000
Available cpu frequencies: 2400000 2399000 2266000 2133000 1999000 1866000 1733000 1599000 1466000 1333000 1199000 
Current governor: ondemand
Core performance/turbo boost: 1

Memory: 4k page, physical 5859168k(112708k free), swap 2097148k(2095600k free)
Page Sizes: 4k

vm_info: OpenJDK 64-Bit Server VM (17.0.10+7) for linux-amd64 JRE (17.0.10+7), built on Jan 16 2024 00:00:00 by "admin" with gcc 10.3.0

END.
